[2021-04-0910:25:33 AM-Main.py-DEBUG:Epoch 1 starts]
[2021-04-0910:25:55 AM-Main.py-DEBUG:Epoch 1 ends, training loss is 1665.5319315195084]
[2021-04-1404:46:36 PM-Main.py-DEBUG:******* Training on cpu *******]
[2021-04-1404:46:48 PM-Main.py-DEBUG:Epoch 1 starts]
[2021-04-1404:47:10 PM-Main.py-DEBUG:After last epoch, the training loss is 1668.3303501605988, 21.97215700149536 time used in total.]
[2021-04-1404:47:28 PM-Main.py-DEBUG:Accuracy of train dataset is 0.31412]
[2021-04-1404:47:33 PM-Main.py-DEBUG:Accuracy of validation dataset is 0.3247]
[2021-04-1505:00:35 PM-Main.py-DEBUG:******* Training on cpu *******]
[2021-04-1505:00:35 PM-Main.py-DEBUG:####### Using simple convolution kernel neuro network #######]
[2021-04-1505:00:46 PM-Main.py-DEBUG:Epoch 1 starts]
[2021-04-1505:01:20 PM-Main.py-DEBUG:After last epoch, the training loss is 1594.1337218284607, 34.171879291534424 time used in total.]
[2021-04-1505:01:45 PM-Main.py-DEBUG:Accuracy of train dataset is 0.36106]
[2021-04-1505:01:49 PM-Main.py-DEBUG:Accuracy of validation dataset is 0.365]
[2021-04-1505:01:49 PM-Main.py-DEBUG:####### Using dropoff neuro network #######]
[2021-04-1505:01:59 PM-Main.py-DEBUG:Epoch 1 starts]
[2021-04-1505:02:35 PM-Main.py-DEBUG:After last epoch, the training loss is 1664.6488122940063, 35.48454713821411 time used in total.]
[2021-04-1505:02:59 PM-Main.py-DEBUG:Accuracy of train dataset is 0.32412]
[2021-04-1505:03:03 PM-Main.py-DEBUG:Accuracy of validation dataset is 0.3293]
[2021-04-1505:03:03 PM-Main.py-DEBUG:####### Using batch normalization neuro network #######]
[2021-04-1505:03:13 PM-Main.py-DEBUG:Epoch 1 starts]
[2021-04-1505:03:56 PM-Main.py-DEBUG:After last epoch, the training loss is 1476.9212305545807, 43.82359504699707 time used in total.]
[2021-04-1505:04:22 PM-Main.py-DEBUG:Accuracy of train dataset is 0.46142]
[2021-04-1505:04:27 PM-Main.py-DEBUG:Accuracy of validation dataset is 0.4608]
[2021-04-1505:04:27 PM-Main.py-DEBUG:####### Using a layer of resnet #######]
[2021-04-1505:04:36 PM-Main.py-DEBUG:Epoch 1 starts]
[2021-04-1505:05:09 PM-Main.py-DEBUG:After last epoch, the training loss is 1750.295875787735, 32.73428773880005 time used in total.]
[2021-04-1505:05:30 PM-Main.py-DEBUG:Accuracy of train dataset is 0.2719]
[2021-04-1505:05:34 PM-Main.py-DEBUG:Accuracy of validation dataset is 0.2732]
